# JRE version: OpenJDK Runtime Environment (8.0_202-b03) (build 1.8.0_202-release-1483-b03)
# Java VM: OpenJDK 64-Bit Server VM (25.202-b03 mixed mode windows-amd64 compressed oops)
Heap:
 PSYoungGen      total 372224K, used 321467K [0x00000000e0000000, 0x00000000fe280000, 0x0000000100000000)
  eden space 266752K, 80% used [0x00000000e0000000,0x00000000ed2f2898,0x00000000f0480000)
  from space 105472K, 99% used [0x00000000f0480000,0x00000000f6b7c5e8,0x00000000f6b80000)
  to   space 92160K, 0% used [0x00000000f6b80000,0x00000000f6b80000,0x00000000fc580000)
 ParOldGen       total 295424K, used 157609K [0x00000000a0000000, 0x00000000b2080000, 0x00000000e0000000)
  object space 295424K, 53% used [0x00000000a0000000,0x00000000a99ea6f8,0x00000000b2080000)
 Metaspace       used 183985K, capacity 194230K, committed 195544K, reserved 1220608K
  class space    used 22713K, capacity 24515K, committed 24832K, reserved 1048576K
GC Heap History (10 events):
Event: 22671.966 GC heap before
{Heap before GC invocations=77 (full 8):
 PSYoungGen      total 335360K, used 296487K [0x00000000e0000000, 0x00000000fa780000, 0x0000000100000000)
  eden space 247296K, 100% used [0x00000000e0000000,0x00000000ef180000,0x00000000ef180000)
  from space 88064K, 55% used [0x00000000f5180000,0x00000000f8189f50,0x00000000fa780000)
  to   space 93184K, 0% used [0x00000000ef180000,0x00000000ef180000,0x00000000f4c80000)
 ParOldGen       total 295424K, used 108123K [0x00000000a0000000, 0x00000000b2080000, 0x00000000e0000000)
  object space 295424K, 36% used [0x00000000a0000000,0x00000000a6996c10,0x00000000b2080000)
 Metaspace       used 175278K, capacity 185000K, committed 187224K, reserved 1212416K
  class space    used 21744K, capacity 23444K, committed 23936K, reserved 1048576K
Event: 22672.005 GC heap after
Heap after GC invocations=77 (full 8):
 PSYoungGen      total 340480K, used 50859K [0x00000000e0000000, 0x00000000fb500000, 0x0000000100000000)
  eden space 247296K, 0% used [0x00000000e0000000,0x00000000e0000000,0x00000000ef180000)
  from space 93184K, 54% used [0x00000000ef180000,0x00000000f232af40,0x00000000f4c80000)
  to   space 90624K, 0% used [0x00000000f5c80000,0x00000000f5c80000,0x00000000fb500000)
 ParOldGen       total 295424K, used 108131K [0x00000000a0000000, 0x00000000b2080000, 0x00000000e0000000)
  object space 295424K, 36% used [0x00000000a0000000,0x00000000a6998c10,0x00000000b2080000)
 Metaspace       used 175278K, capacity 185000K, committed 187224K, reserved 1212416K
  class space    used 21744K, capacity 23444K, committed 23936K, reserved 1048576K
}
Event: 22679.375 GC heap before
{Heap before GC invocations=78 (full 8):
 PSYoungGen      total 340480K, used 298155K [0x00000000e0000000, 0x00000000fb500000, 0x0000000100000000)
  eden space 247296K, 100% used [0x00000000e0000000,0x00000000ef180000,0x00000000ef180000)
  from space 93184K, 54% used [0x00000000ef180000,0x00000000f232af40,0x00000000f4c80000)
  to   space 90624K, 0% used [0x00000000f5c80000,0x00000000f5c80000,0x00000000fb500000)
 ParOldGen       total 295424K, used 108131K [0x00000000a0000000, 0x00000000b2080000, 0x00000000e0000000)
  object space 295424K, 36% used [0x00000000a0000000,0x00000000a6998c10,0x00000000b2080000)
 Metaspace       used 176028K, capacity 185996K, committed 187736K, reserved 1212416K
  class space    used 21838K, capacity 23582K, committed 23936K, reserved 1048576K
Event: 22679.410 GC heap after
Heap after GC invocations=78 (full 8):
 PSYoungGen      total 349696K, used 54641K [0x00000000e0000000, 0x00000000fb000000, 0x0000000100000000)
  eden space 264192K, 0% used [0x00000000e0000000,0x00000000e0000000,0x00000000f0200000)
  from space 85504K, 63% used [0x00000000f5c80000,0x00000000f91dc4a8,0x00000000fb000000)
  to   space 89088K, 0% used [0x00000000f0200000,0x00000000f0200000,0x00000000f5900000)
 ParOldGen       total 295424K, used 108139K [0x00000000a0000000, 0x00000000b2080000, 0x00000000e0000000)
  object space 295424K, 36% used [0x00000000a0000000,0x00000000a699ac10,0x00000000b2080000)
 Metaspace       used 176028K, capacity 185996K, committed 187736K, reserved 1212416K
  class space    used 21838K, capacity 23582K, committed 23936K, reserved 1048576K
}
Event: 22688.638 GC heap before
{Heap before GC invocations=79 (full 8):
 PSYoungGen      total 349696K, used 318526K [0x00000000e0000000, 0x00000000fb000000, 0x0000000100000000)
  eden space 264192K, 99% used [0x00000000e0000000,0x00000000f01b35e8,0x00000000f0200000)
  from space 85504K, 63% used [0x00000000f5c80000,0x00000000f91dc4a8,0x00000000fb000000)
  to   space 89088K, 0% used [0x00000000f0200000,0x00000000f0200000,0x00000000f5900000)
 ParOldGen       total 295424K, used 108139K [0x00000000a0000000, 0x00000000b2080000, 0x00000000e0000000)
  object space 295424K, 36% used [0x00000000a0000000,0x00000000a699ac10,0x00000000b2080000)
 Metaspace       used 176198K, capacity 186272K, committed 187992K, reserved 1214464K
  class space    used 21851K, capacity 23606K, committed 23936K, reserved 1048576K
Event: 22688.696 GC heap after
Heap after GC invocations=79 (full 8):
 PSYoungGen      total 353280K, used 66700K [0x00000000e0000000, 0x00000000fc580000, 0x0000000100000000)
  eden space 264192K, 0% used [0x00000000e0000000,0x00000000e0000000,0x00000000f0200000)
  from space 89088K, 74% used [0x00000000f0200000,0x00000000f43233e8,0x00000000f5900000)
  to   space 92160K, 0% used [0x00000000f6b80000,0x00000000f6b80000,0x00000000fc580000)
 ParOldGen       total 295424K, used 108147K [0x00000000a0000000, 0x00000000b2080000, 0x00000000e0000000)
  object space 295424K, 36% used [0x00000000a0000000,0x00000000a699cc10,0x00000000b2080000)
 Metaspace       used 176198K, capacity 186272K, committed 187992K, reserved 1214464K
  class space    used 21851K, capacity 23606K, committed 23936K, reserved 1048576K
}
Event: 22691.386 GC heap before
{Heap before GC invocations=80 (full 8):
 PSYoungGen      total 353280K, used 330892K [0x00000000e0000000, 0x00000000fc580000, 0x0000000100000000)
  eden space 264192K, 100% used [0x00000000e0000000,0x00000000f0200000,0x00000000f0200000)
  from space 89088K, 74% used [0x00000000f0200000,0x00000000f43233e8,0x00000000f5900000)
  to   space 92160K, 0% used [0x00000000f6b80000,0x00000000f6b80000,0x00000000fc580000)
 ParOldGen       total 295424K, used 108147K [0x00000000a0000000, 0x00000000b2080000, 0x00000000e0000000)
  object space 295424K, 36% used [0x00000000a0000000,0x00000000a699cc10,0x00000000b2080000)
 Metaspace       used 176443K, capacity 186638K, committed 188248K, reserved 1214464K
  class space    used 21870K, capacity 23655K, committed 23936K, reserved 1048576K
Event: 22691.465 GC heap after
Heap after GC invocations=80 (full 8):
 PSYoungGen      total 358912K, used 92142K [0x00000000e0000000, 0x00000000fe280000, 0x0000000100000000)
  eden space 266752K, 0% used [0x00000000e0000000,0x00000000e0000000,0x00000000f0480000)
  from space 92160K, 99% used [0x00000000f6b80000,0x00000000fc57b9e8,0x00000000fc580000)
  to   space 105472K, 0% used [0x00000000f0480000,0x00000000f0480000,0x00000000f6b80000)
 ParOldGen       total 295424K, used 111903K [0x00000000a0000000, 0x00000000b2080000, 0x00000000e0000000)
  object space 295424K, 37% used [0x00000000a0000000,0x00000000a6d47f40,0x00000000b2080000)
 Metaspace       used 176443K, capacity 186638K, committed 188248K, reserved 1214464K
  class space    used 21870K, capacity 23655K, committed 23936K, reserved 1048576K
}
Event: 22692.450 GC heap before
{Heap before GC invocations=81 (full 8):
 PSYoungGen      total 358912K, used 358879K [0x00000000e0000000, 0x00000000fe280000, 0x0000000100000000)
  eden space 266752K, 99% used [0x00000000e0000000,0x00000000f047c388,0x00000000f0480000)
  from space 92160K, 99% used [0x00000000f6b80000,0x00000000fc57b9e8,0x00000000fc580000)
  to   space 105472K, 0% used [0x00000000f0480000,0x00000000f0480000,0x00000000f6b80000)
 ParOldGen       total 295424K, used 111903K [0x00000000a0000000, 0x00000000b2080000, 0x00000000e0000000)
  object space 295424K, 37% used [0x00000000a0000000,0x00000000a6d47f40,0x00000000b2080000)
 Metaspace       used 183643K, capacity 193838K, committed 195544K, reserved 1220608K
  class space    used 22675K, capacity 24455K, committed 24832K, reserved 1048576K
Event: 22692.586 GC heap after
Heap after GC invocations=81 (full 8):
 PSYoungGen      total 372224K, used 105457K [0x00000000e0000000, 0x00000000fe280000, 0x0000000100000000)
  eden space 266752K, 0% used [0x00000000e0000000,0x00000000e0000000,0x00000000f0480000)
  from space 105472K, 99% used [0x00000000f0480000,0x00000000f6b7c5e8,0x00000000f6b80000)
  to   space 92160K, 0% used [0x00000000f6b80000,0x00000000f6b80000,0x00000000fc580000)
 ParOldGen       total 295424K, used 157609K [0x00000000a0000000, 0x00000000b2080000, 0x00000000e0000000)
  object space 295424K, 53% used [0x00000000a0000000,0x00000000a99ea6f8,0x00000000b2080000)
 Metaspace       used 183643K, capacity 193838K, committed 195544K, reserved 1220608K
  class space    used 22675K, capacity 24455K, committed 24832K, reserved 1048576K
}

